0 verbose cli /usr/bin/node /usr/lib/node_modules/pm2/lib/ProcessContainerFork.js
1 info using npm@11.3.0
2 info using node@v22.15.1
3 silly config load:file:/usr/lib/node_modules/npm/npmrc
4 silly config load:file:/var/www/Zappysitevendas/.npmrc
5 silly config load:file:/root/.npmrc
6 silly config load:file:/usr/etc/npmrc
7 verbose title npm run start
8 verbose argv "run" "start"
9 verbose logfile logs-max:10 dir:/root/.npm/_logs/2025-05-19T10_24_31_870Z-
10 verbose logfile /root/.npm/_logs/2025-05-19T10_24_31_870Z-debug-0.log
11 silly logfile start cleaning logs, removing 1 files
12 silly logfile done cleaning log files
13 verbose stack Error: Missing script: "start"
13 verbose stack
13 verbose stack Did you mean one of these?
13 verbose stack   npm star # Mark your favorite packages
13 verbose stack   npm stars # View packages marked as favorites
13 verbose stack
13 verbose stack To see a list of scripts, run:
13 verbose stack   npm run
13 verbose stack     at #run (/usr/lib/node_modules/npm/lib/commands/run-script.js:115:13)
13 verbose stack     at async RunScript.exec (/usr/lib/node_modules/npm/lib/commands/run-script.js:44:7)
13 verbose stack     at async Npm.exec (/usr/lib/node_modules/npm/lib/npm.js:208:9)
13 verbose stack     at async module.exports (/usr/lib/node_modules/npm/lib/cli/entry.js:67:5)
14 error Missing script: "start"
14 error
14 error Did you mean one of these?
14 error   npm star # Mark your favorite packages
14 error   npm stars # View packages marked as favorites
14 error
14 error To see a list of scripts, run:
14 error   npm run
15 verbose cwd /var/www/Zappysitevendas
16 verbose os Linux 5.4.0-105-generic
17 verbose node v22.15.1
18 verbose npm  v11.3.0
19 verbose exit 1
20 verbose code 1
21 error A complete log of this run can be found in: /root/.npm/_logs/2025-05-19T10_24_31_870Z-debug-0.log
