0 verbose cli /usr/bin/node /usr/bin/npm
1 info using npm@11.3.0
2 info using node@v22.15.1
3 silly config load:file:/usr/lib/node_modules/npm/npmrc
4 silly config load:file:/var/www/vendas.zappybot.site/.npmrc
5 silly config load:file:/root/.npmrc
6 silly config load:file:/usr/etc/npmrc
7 verbose title npm install
8 verbose argv "install"
9 verbose logfile logs-max:10 dir:/root/.npm/_logs/2025-05-19T10_29_22_021Z-
10 verbose logfile /root/.npm/_logs/2025-05-19T10_29_22_021Z-debug-0.log
11 silly logfile start cleaning logs, removing 1 files
12 silly logfile done cleaning log files
13 silly packumentCache heap:2111569920 maxSize:527892480 maxEntrySize:263946240
14 silly idealTree buildDeps
15 silly reify moves {}
16 silly audit bulk request {
16 silly audit   '@alloc/quick-lru': [ '5.2.0' ],
16 silly audit   '@babel/helper-string-parser': [ '7.27.1' ],
16 silly audit   '@babel/helper-validator-identifier': [ '7.27.1' ],
16 silly audit   '@babel/parser': [ '7.27.2' ],
16 silly audit   '@babel/runtime': [ '7.27.1' ],
16 silly audit   '@babel/types': [ '7.27.1' ],
16 silly audit   '@esbuild/aix-ppc64': [ '0.25.4', '0.21.5' ],
16 silly audit   '@esbuild/android-arm': [ '0.25.4', '0.21.5' ],
16 silly audit   '@esbuild/android-arm64': [ '0.25.4', '0.21.5' ],
16 silly audit   '@esbuild/android-x64': [ '0.25.4', '0.21.5' ],
16 silly audit   '@esbuild/darwin-arm64': [ '0.25.4', '0.21.5' ],
16 silly audit   '@esbuild/darwin-x64': [ '0.25.4', '0.21.5' ],
16 silly audit   '@esbuild/freebsd-arm64': [ '0.25.4', '0.21.5' ],
16 silly audit   '@esbuild/freebsd-x64': [ '0.25.4', '0.21.5' ],
16 silly audit   '@esbuild/linux-arm': [ '0.25.4', '0.21.5' ],
16 silly audit   '@esbuild/linux-arm64': [ '0.25.4', '0.21.5' ],
16 silly audit   '@esbuild/linux-ia32': [ '0.25.4', '0.21.5' ],
16 silly audit   '@esbuild/linux-loong64': [ '0.25.4', '0.21.5' ],
16 silly audit   '@esbuild/linux-mips64el': [ '0.25.4', '0.21.5' ],
16 silly audit   '@esbuild/linux-ppc64': [ '0.25.4', '0.21.5' ],
16 silly audit   '@esbuild/linux-riscv64': [ '0.25.4', '0.21.5' ],
16 silly audit   '@esbuild/linux-s390x': [ '0.25.4', '0.21.5' ],
16 silly audit   '@esbuild/linux-x64': [ '0.25.4', '0.21.5' ],
16 silly audit   '@esbuild/netbsd-arm64': [ '0.25.4' ],
16 silly audit   '@esbuild/netbsd-x64': [ '0.25.4', '0.21.5' ],
16 silly audit   '@esbuild/openbsd-arm64': [ '0.25.4' ],
16 silly audit   '@esbuild/openbsd-x64': [ '0.25.4', '0.21.5' ],
16 silly audit   '@esbuild/sunos-x64': [ '0.25.4', '0.21.5' ],
16 silly audit   '@esbuild/win32-arm64': [ '0.25.4', '0.21.5' ],
16 silly audit   '@esbuild/win32-ia32': [ '0.25.4', '0.21.5' ],
16 silly audit   '@esbuild/win32-x64': [ '0.25.4', '0.21.5' ],
16 silly audit   '@eslint-community/eslint-utils': [ '4.7.0' ],
16 silly audit   'eslint-visitor-keys': [ '3.4.3', '4.2.0' ],
16 silly audit   '@eslint-community/regexpp': [ '4.12.1' ],
16 silly audit   '@eslint/config-array': [ '0.20.0' ],
16 silly audit   '@eslint/config-helpers': [ '0.2.2' ],
16 silly audit   '@eslint/core': [ '0.14.0' ],
16 silly audit   '@eslint/eslintrc': [ '3.3.1' ],
16 silly audit   globals: [ '14.0.0', '15.15.0' ],
16 silly audit   '@eslint/js': [ '9.27.0' ],
16 silly audit   '@eslint/object-schema': [ '2.1.6' ],
16 silly audit   '@eslint/plugin-kit': [ '0.3.1' ],
16 silly audit   '@floating-ui/core': [ '1.7.0' ],
16 silly audit   '@floating-ui/dom': [ '1.7.0' ],
16 silly audit   '@floating-ui/react-dom': [ '2.1.2' ],
16 silly audit   '@floating-ui/utils': [ '0.2.9' ],
16 silly audit   '@hookform/resolvers': [ '3.10.0' ],
16 silly audit   '@humanfs/core': [ '0.19.1' ],
16 silly audit   '@humanfs/node': [ '0.16.6' ],
16 silly audit   '@humanwhocodes/retry': [ '0.3.1', '0.4.3' ],
16 silly audit   '@humanwhocodes/module-importer': [ '1.0.1' ],
16 silly audit   '@isaacs/cliui': [ '8.0.2' ],
16 silly audit   '@jridgewell/gen-mapping': [ '0.3.8' ],
16 silly audit   '@jridgewell/resolve-uri': [ '3.1.2' ],
16 silly audit   '@jridgewell/set-array': [ '1.2.1' ],
16 silly audit   '@jridgewell/sourcemap-codec': [ '1.5.0' ],
16 silly audit   '@jridgewell/trace-mapping': [ '0.3.25' ],
16 silly audit   '@nodelib/fs.scandir': [ '2.1.5' ],
16 silly audit   '@nodelib/fs.stat': [ '2.0.5' ],
16 silly audit   '@nodelib/fs.walk': [ '1.2.8' ],
16 silly audit   '@pkgjs/parseargs': [ '0.11.0' ],
16 silly audit   '@radix-ui/number': [ '1.1.1' ],
16 silly audit   '@radix-ui/primitive': [ '1.1.2' ],
16 silly audit   '@radix-ui/react-accordion': [ '1.2.10' ],
16 silly audit   '@radix-ui/react-alert-dialog': [ '1.1.13' ],
16 silly audit   '@radix-ui/react-arrow': [ '1.1.6' ],
16 silly audit   '@radix-ui/react-aspect-ratio': [ '1.1.6' ],
16 silly audit   '@radix-ui/react-avatar': [ '1.1.9' ],
16 silly audit   '@radix-ui/react-checkbox': [ '1.3.1' ],
16 silly audit   '@radix-ui/react-collapsible': [ '1.1.10' ],
16 silly audit   '@radix-ui/react-collection': [ '1.1.6' ],
16 silly audit   '@radix-ui/react-compose-refs': [ '1.1.2' ],
16 silly audit   '@radix-ui/react-context': [ '1.1.2' ],
16 silly audit   '@radix-ui/react-context-menu': [ '2.2.14' ],
16 silly audit   '@radix-ui/react-dialog': [ '1.1.13' ],
16 silly audit   '@radix-ui/react-direction': [ '1.1.1' ],
16 silly audit   '@radix-ui/react-dismissable-layer': [ '1.1.9' ],
16 silly audit   '@radix-ui/react-dropdown-menu': [ '2.1.14' ],
16 silly audit   '@radix-ui/react-focus-guards': [ '1.1.2' ],
16 silly audit   '@radix-ui/react-focus-scope': [ '1.1.6' ],
16 silly audit   '@radix-ui/react-hover-card': [ '1.1.13' ],
16 silly audit   '@radix-ui/react-id': [ '1.1.1' ],
16 silly audit   '@radix-ui/react-label': [ '2.1.6' ],
16 silly audit   '@radix-ui/react-menu': [ '2.1.14' ],
16 silly audit   '@radix-ui/react-menubar': [ '1.1.14' ],
16 silly audit   '@radix-ui/react-navigation-menu': [ '1.2.12' ],
16 silly audit   '@radix-ui/react-popover': [ '1.1.13' ],
16 silly audit   '@radix-ui/react-popper': [ '1.2.6' ],
16 silly audit   '@radix-ui/react-portal': [ '1.1.8' ],
16 silly audit   '@radix-ui/react-presence': [ '1.1.4' ],
16 silly audit   '@radix-ui/react-primitive': [ '2.1.2' ],
16 silly audit   '@radix-ui/react-progress': [ '1.1.6' ],
16 silly audit   '@radix-ui/react-radio-group': [ '1.3.6' ],
16 silly audit   '@radix-ui/react-roving-focus': [ '1.1.9' ],
16 silly audit   '@radix-ui/react-scroll-area': [ '1.2.8' ],
16 silly audit   '@radix-ui/react-select': [ '2.2.4' ],
16 silly audit   '@radix-ui/react-separator': [ '1.1.6' ],
16 silly audit   '@radix-ui/react-slider': [ '1.3.4' ],
16 silly audit   '@radix-ui/react-slot': [ '1.2.2' ],
16 silly audit   '@radix-ui/react-switch': [ '1.2.4' ],
16 silly audit   '@radix-ui/react-tabs': [ '1.1.11' ],
16 silly audit   '@radix-ui/react-toast': [ '1.2.13' ],
16 silly audit   '@radix-ui/react-toggle': [ '1.1.8' ],
16 silly audit   '@radix-ui/react-toggle-group': [ '1.1.9' ],
16 silly audit   '@radix-ui/react-tooltip': [ '1.2.6' ],
16 silly audit   '@radix-ui/react-use-callback-ref': [ '1.1.1' ],
16 silly audit   '@radix-ui/react-use-controllable-state': [ '1.2.2' ],
16 silly audit   '@radix-ui/react-use-effect-event': [ '0.0.2' ],
16 silly audit   '@radix-ui/react-use-escape-keydown': [ '1.1.1' ],
16 silly audit   '@radix-ui/react-use-is-hydrated': [ '0.1.0' ],
16 silly audit   '@radix-ui/react-use-layout-effect': [ '1.1.1' ],
16 silly audit   '@radix-ui/react-use-previous': [ '1.1.1' ],
16 silly audit   '@radix-ui/react-use-rect': [ '1.1.1' ],
16 silly audit   '@radix-ui/react-use-size': [ '1.1.1' ],
16 silly audit   '@radix-ui/react-visually-hidden': [ '1.2.2' ],
16 silly audit   '@radix-ui/rect': [ '1.1.1' ],
16 silly audit   '@remix-run/router': [ '1.23.0' ],
16 silly audit   '@rollup/rollup-android-arm-eabi': [ '4.41.0' ],
16 silly audit   '@rollup/rollup-android-arm64': [ '4.41.0' ],
16 silly audit   '@rollup/rollup-darwin-arm64': [ '4.41.0' ],
16 silly audit   '@rollup/rollup-darwin-x64': [ '4.41.0' ],
16 silly audit   '@rollup/rollup-freebsd-arm64': [ '4.41.0' ],
16 silly audit   '@rollup/rollup-freebsd-x64': [ '4.41.0' ],
16 silly audit   '@rollup/rollup-linux-arm-gnueabihf': [ '4.41.0' ],
16 silly audit   '@rollup/rollup-linux-arm-musleabihf': [ '4.41.0' ],
16 silly audit   '@rollup/rollup-linux-arm64-gnu': [ '4.41.0' ],
16 silly audit   '@rollup/rollup-linux-arm64-musl': [ '4.41.0' ],
16 silly audit   '@rollup/rollup-linux-loongarch64-gnu': [ '4.41.0' ],
16 silly audit   '@rollup/rollup-linux-powerpc64le-gnu': [ '4.41.0' ],
16 silly audit   '@rollup/rollup-linux-riscv64-gnu': [ '4.41.0' ],
16 silly audit   '@rollup/rollup-linux-riscv64-musl': [ '4.41.0' ],
16 silly audit   '@rollup/rollup-linux-s390x-gnu': [ '4.41.0' ],
16 silly audit   '@rollup/rollup-linux-x64-gnu': [ '4.41.0' ],
16 silly audit   '@rollup/rollup-linux-x64-musl': [ '4.41.0' ],
16 silly audit   '@rollup/rollup-win32-arm64-msvc': [ '4.41.0' ],
16 silly audit   '@rollup/rollup-win32-ia32-msvc': [ '4.41.0' ],
16 silly audit   '@rollup/rollup-win32-x64-msvc': [ '4.41.0' ],
16 silly audit   '@swc/core': [ '1.11.24' ],
16 silly audit   '@swc/core-darwin-arm64': [ '1.11.24' ],
16 silly audit   '@swc/core-darwin-x64': [ '1.11.24' ],
16 silly audit   '@swc/core-linux-arm-gnueabihf': [ '1.11.24' ],
16 silly audit   '@swc/core-linux-arm64-gnu': [ '1.11.24' ],
16 silly audit   '@swc/core-linux-arm64-musl': [ '1.11.24' ],
16 silly audit   '@swc/core-linux-x64-gnu': [ '1.11.24' ],
16 silly audit   '@swc/core-linux-x64-musl': [ '1.11.24' ],
16 silly audit   '@swc/core-win32-arm64-msvc': [ '1.11.24' ],
16 silly audit   '@swc/core-win32-ia32-msvc': [ '1.11.24' ],
16 silly audit   '@swc/core-win32-x64-msvc': [ '1.11.24' ],
16 silly audit   '@swc/counter': [ '0.1.3' ],
16 silly audit   '@swc/types': [ '0.1.21' ],
16 silly audit   '@tailwindcss/typography': [ '0.5.16' ],
16 silly audit   '@tanstack/query-core': [ '5.76.0' ],
16 silly audit   '@tanstack/react-query': [ '5.76.1' ],
16 silly audit   '@types/d3-array': [ '3.2.1' ],
16 silly audit   '@types/d3-color': [ '3.1.3' ],
16 silly audit   '@types/d3-ease': [ '3.0.2' ],
16 silly audit   '@types/d3-interpolate': [ '3.0.4' ],
16 silly audit   '@types/d3-path': [ '3.1.1' ],
16 silly audit   '@types/d3-scale': [ '4.0.9' ],
16 silly audit   '@types/d3-shape': [ '3.1.7' ],
16 silly audit   '@types/d3-time': [ '3.0.4' ],
16 silly audit   '@types/d3-timer': [ '3.0.2' ],
16 silly audit   '@types/estree': [ '1.0.7' ],
16 silly audit   '@types/json-schema': [ '7.0.15' ],
16 silly audit   '@types/node': [ '22.15.19' ],
16 silly audit   '@types/prop-types': [ '15.7.14' ],
16 silly audit   '@types/react': [ '18.3.21' ],
16 silly audit   '@types/react-dom': [ '18.3.7' ],
16 silly audit   '@typescript-eslint/eslint-plugin': [ '8.32.1' ],
16 silly audit   ignore: [ '7.0.4', '5.3.2' ],
16 silly audit   '@typescript-eslint/parser': [ '8.32.1' ],
16 silly audit   '@typescript-eslint/scope-manager': [ '8.32.1' ],
16 silly audit   '@typescript-eslint/type-utils': [ '8.32.1' ],
16 silly audit   '@typescript-eslint/types': [ '8.32.1' ],
16 silly audit   '@typescript-eslint/typescript-estree': [ '8.32.1' ],
16 silly audit   'brace-expansion': [ '2.0.1', '1.1.11' ],
16 silly audit   minimatch: [ '9.0.5', '3.1.2' ],
16 silly audit   '@typescript-eslint/utils': [ '8.32.1' ],
16 silly audit   '@typescript-eslint/visitor-keys': [ '8.32.1' ],
16 silly audit   '@vitejs/plugin-react-swc': [ '3.9.0' ],
16 silly audit   acorn: [ '8.14.1' ],
16 silly audit   'acorn-jsx': [ '5.3.2' ],
16 silly audit   ajv: [ '6.12.6' ],
16 silly audit   'ansi-regex': [ '6.1.0', '5.0.1' ],
16 silly audit   'ansi-styles': [ '4.3.0', '6.2.1' ],
16 silly audit   'any-promise': [ '1.3.0' ],
16 silly audit   anymatch: [ '3.1.3' ],
16 silly audit   arg: [ '5.0.2' ],
16 silly audit   argparse: [ '2.0.1' ],
16 silly audit   'aria-hidden': [ '1.2.6' ],
16 silly audit   autoprefixer: [ '10.4.21' ],
16 silly audit   'balanced-match': [ '1.0.2' ],
16 silly audit   'binary-extensions': [ '2.3.0' ],
16 silly audit   braces: [ '3.0.3' ],
16 silly audit   browserslist: [ '4.24.5' ],
16 silly audit   callsites: [ '3.1.0' ],
16 silly audit   'camelcase-css': [ '2.0.1' ],
16 silly audit   'caniuse-lite': [ '1.0.30001718' ],
16 silly audit   chalk: [ '4.1.2' ],
16 silly audit   chokidar: [ '3.6.0' ],
16 silly audit   'glob-parent': [ '5.1.2', '6.0.2' ],
16 silly audit   'class-variance-authority': [ '0.7.1' ],
16 silly audit   clsx: [ '2.1.1' ],
16 silly audit   cmdk: [ '1.1.1' ],
16 silly audit   'color-convert': [ '2.0.1' ],
16 silly audit   'color-name': [ '1.1.4' ],
16 silly audit   commander: [ '4.1.1' ],
16 silly audit   'concat-map': [ '0.0.1' ],
16 silly audit   'cross-spawn': [ '7.0.6' ],
16 silly audit   cssesc: [ '3.0.0' ],
16 silly audit   csstype: [ '3.1.3' ],
16 silly audit   'd3-array': [ '3.2.4' ],
16 silly audit   'd3-color': [ '3.1.0' ],
16 silly audit   'd3-ease': [ '3.0.1' ],
16 silly audit   'd3-format': [ '3.1.0' ],
16 silly audit   'd3-interpolate': [ '3.0.1' ],
16 silly audit   'd3-path': [ '3.1.0' ],
16 silly audit   'd3-scale': [ '4.0.2' ],
16 silly audit   'd3-shape': [ '3.2.0' ],
16 silly audit   'd3-time': [ '3.1.0' ],
16 silly audit   'd3-time-format': [ '4.1.0' ],
16 silly audit   'd3-timer': [ '3.0.1' ],
16 silly audit   'date-fns': [ '3.6.0' ],
16 silly audit   debug: [ '4.4.1' ],
16 silly audit   'decimal.js-light': [ '2.5.1' ],
16 silly audit   'deep-is': [ '0.1.4' ],
16 silly audit   'detect-node-es': [ '1.1.0' ],
16 silly audit   didyoumean: [ '1.2.2' ],
16 silly audit   dlv: [ '1.1.3' ],
16 silly audit   'dom-helpers': [ '5.2.1' ],
16 silly audit   eastasianwidth: [ '0.2.0' ],
16 silly audit   'electron-to-chromium': [ '1.5.155' ],
16 silly audit   'embla-carousel': [ '8.6.0' ],
16 silly audit   'embla-carousel-react': [ '8.6.0' ],
16 silly audit   'embla-carousel-reactive-utils': [ '8.6.0' ],
16 silly audit   'emoji-regex': [ '9.2.2', '8.0.0' ],
16 silly audit   esbuild: [ '0.25.4', '0.21.5' ],
16 silly audit   escalade: [ '3.2.0' ],
16 silly audit   'escape-string-regexp': [ '4.0.0' ],
16 silly audit   eslint: [ '9.27.0' ],
16 silly audit   'eslint-plugin-react-hooks': [ '5.2.0' ],
16 silly audit   'eslint-plugin-react-refresh': [ '0.4.20' ],
16 silly audit   'eslint-scope': [ '8.3.0' ],
16 silly audit   espree: [ '10.3.0' ],
16 silly audit   esquery: [ '1.6.0' ],
16 silly audit   esrecurse: [ '4.3.0' ],
16 silly audit   estraverse: [ '5.3.0' ],
16 silly audit   'estree-walker': [ '3.0.3' ],
16 silly audit   esutils: [ '2.0.3' ],
16 silly audit   eventemitter3: [ '4.0.7' ],
16 silly audit   'fast-deep-equal': [ '3.1.3' ],
16 silly audit   'fast-equals': [ '5.2.2' ],
16 silly audit   'fast-glob': [ '3.3.3' ],
16 silly audit   'fast-json-stable-stringify': [ '2.1.0' ],
16 silly audit   'fast-levenshtein': [ '2.0.6' ],
16 silly audit   fastq: [ '1.19.1' ],
16 silly audit   'file-entry-cache': [ '8.0.0' ],
16 silly audit   'fill-range': [ '7.1.1' ],
16 silly audit   'find-up': [ '5.0.0' ],
16 silly audit   'flat-cache': [ '4.0.1' ],
16 silly audit   flatted: [ '3.3.3' ],
16 silly audit   'foreground-child': [ '3.3.1' ],
16 silly audit   'fraction.js': [ '4.3.7' ],
16 silly audit   fsevents: [ '2.3.3' ],
16 silly audit   'function-bind': [ '1.1.2' ],
16 silly audit   'get-nonce': [ '1.0.1' ],
16 silly audit   glob: [ '10.4.5' ],
16 silly audit   graphemer: [ '1.4.0' ],
16 silly audit   'has-flag': [ '4.0.0' ],
16 silly audit   hasown: [ '2.0.2' ],
16 silly audit   'import-fresh': [ '3.3.1' ],
16 silly audit   imurmurhash: [ '0.1.4' ],
16 silly audit   'input-otp': [ '1.4.2' ],
16 silly audit   internmap: [ '2.0.3' ],
16 silly audit   'is-binary-path': [ '2.1.0' ],
16 silly audit   'is-core-module': [ '2.16.1' ],
16 silly audit   'is-extglob': [ '2.1.1' ],
16 silly audit   'is-fullwidth-code-point': [ '3.0.0' ],
16 silly audit   'is-glob': [ '4.0.3' ],
16 silly audit   'is-number': [ '7.0.0' ],
16 silly audit   isexe: [ '2.0.0' ],
16 silly audit   jackspeak: [ '3.4.3' ],
16 silly audit   jiti: [ '1.21.7' ],
16 silly audit   'js-tokens': [ '4.0.0' ],
16 silly audit   'js-yaml': [ '4.1.0' ],
16 silly audit   'json-buffer': [ '3.0.1' ],
16 silly audit   'json-schema-traverse': [ '0.4.1' ],
16 silly audit   'json-stable-stringify-without-jsonify': [ '1.0.1' ],
16 silly audit   keyv: [ '4.5.4' ],
16 silly audit   levn: [ '0.4.1' ],
16 silly audit   lilconfig: [ '3.1.3' ],
16 silly audit   'lines-and-columns': [ '1.2.4' ],
16 silly audit   'locate-path': [ '6.0.0' ],
16 silly audit   lodash: [ '4.17.21' ],
16 silly audit   'lodash.castarray': [ '4.4.0' ],
16 silly audit   'lodash.isplainobject': [ '4.0.6' ],
16 silly audit   'lodash.merge': [ '4.6.2' ],
16 silly audit   'loose-envify': [ '1.4.0' ],
16 silly audit   'lovable-tagger': [ '1.1.8' ],
16 silly audit   'lru-cache': [ '10.4.3' ],
16 silly audit   'lucide-react': [ '0.462.0' ],
16 silly audit   'magic-string': [ '0.30.17' ],
16 silly audit   merge2: [ '1.4.1' ],
16 silly audit   micromatch: [ '4.0.8' ],
16 silly audit   minipass: [ '7.1.2' ],
16 silly audit   ms: [ '2.1.3' ],
16 silly audit   mz: [ '2.7.0' ],
16 silly audit   nanoid: [ '3.3.11' ],
16 silly audit   'natural-compare': [ '1.4.0' ],
16 silly audit   'next-themes': [ '0.3.0' ],
16 silly audit   'node-releases': [ '2.0.19' ],
16 silly audit   'normalize-path': [ '3.0.0' ],
16 silly audit   'normalize-range': [ '0.1.2' ],
16 silly audit   'object-assign': [ '4.1.1' ],
16 silly audit   'object-hash': [ '3.0.0' ],
16 silly audit   optionator: [ '0.9.4' ],
16 silly audit   'p-limit': [ '3.1.0' ],
16 silly audit   'p-locate': [ '5.0.0' ],
16 silly audit   'package-json-from-dist': [ '1.0.1' ],
16 silly audit   'parent-module': [ '1.0.1' ],
16 silly audit   'path-exists': [ '4.0.0' ],
16 silly audit   'path-key': [ '3.1.1' ],
16 silly audit   'path-parse': [ '1.0.7' ],
16 silly audit   'path-scurry': [ '1.11.1' ],
16 silly audit   picocolors: [ '1.1.1' ],
16 silly audit   picomatch: [ '2.3.1' ],
16 silly audit   pify: [ '2.3.0' ],
16 silly audit   pirates: [ '4.0.7' ],
16 silly audit   postcss: [ '8.5.3' ],
16 silly audit   'postcss-import': [ '15.1.0' ],
16 silly audit   'postcss-js': [ '4.0.1' ],
16 silly audit   'postcss-load-config': [ '4.0.2' ],
16 silly audit   'postcss-nested': [ '6.2.0' ],
16 silly audit   'postcss-selector-parser': [ '6.1.2', '6.0.10' ],
16 silly audit   'postcss-value-parser': [ '4.2.0' ],
16 silly audit   'prelude-ls': [ '1.2.1' ],
16 silly audit   'prop-types': [ '15.8.1' ],
16 silly audit   'react-is': [ '16.13.1', '18.3.1' ],
16 silly audit   punycode: [ '2.3.1' ],
16 silly audit   'queue-microtask': [ '1.2.3' ],
16 silly audit   react: [ '18.3.1' ],
16 silly audit   'react-day-picker': [ '8.10.1' ],
16 silly audit   'react-dom': [ '18.3.1' ],
16 silly audit   'react-hook-form': [ '7.56.4' ],
16 silly audit   'react-remove-scroll': [ '2.7.0' ],
16 silly audit   'react-remove-scroll-bar': [ '2.3.8' ],
16 silly audit   'react-resizable-panels': [ '2.1.9' ],
16 silly audit   'react-router': [ '6.30.0' ],
16 silly audit   'react-router-dom': [ '6.30.0' ],
16 silly audit   'react-smooth': [ '4.0.4' ],
16 silly audit   'react-style-singleton': [ '2.2.3' ],
16 silly audit   'react-transition-group': [ '4.4.5' ],
16 silly audit   'read-cache': [ '1.0.0' ],
16 silly audit   readdirp: [ '3.6.0' ],
16 silly audit   recharts: [ '2.15.3' ],
16 silly audit   'recharts-scale': [ '0.4.5' ],
16 silly audit   resolve: [ '1.22.10' ],
16 silly audit   'resolve-from': [ '4.0.0' ],
16 silly audit   reusify: [ '1.1.0' ],
16 silly audit   rollup: [ '4.41.0' ],
16 silly audit   'run-parallel': [ '1.2.0' ],
16 silly audit   scheduler: [ '0.23.2' ],
16 silly audit   semver: [ '7.7.2' ],
16 silly audit   'shebang-command': [ '2.0.0' ],
16 silly audit   'shebang-regex': [ '3.0.0' ],
16 silly audit   'signal-exit': [ '4.1.0' ],
16 silly audit   sonner: [ '1.7.4' ],
16 silly audit   'source-map-js': [ '1.2.1' ],
16 silly audit   'string-width': [ '5.1.2', '4.2.3' ],
16 silly audit   'strip-ansi': [ '6.0.1', '7.1.0' ],
16 silly audit   'strip-json-comments': [ '3.1.1' ],
16 silly audit   sucrase: [ '3.35.0' ],
16 silly audit   'supports-color': [ '7.2.0' ],
16 silly audit   'supports-preserve-symlinks-flag': [ '1.0.0' ],
16 silly audit   'tailwind-merge': [ '2.6.0' ],
16 silly audit   tailwindcss: [ '3.4.17' ],
16 silly audit   'tailwindcss-animate': [ '1.0.7' ],
16 silly audit   thenify: [ '3.3.1' ],
16 silly audit   'thenify-all': [ '1.6.0' ],
16 silly audit   'tiny-invariant': [ '1.3.3' ],
16 silly audit   'to-regex-range': [ '5.0.1' ],
16 silly audit   'ts-api-utils': [ '2.1.0' ],
16 silly audit   'ts-interface-checker': [ '0.1.13' ],
16 silly audit   tslib: [ '2.8.1' ],
16 silly audit   'type-check': [ '0.4.0' ],
16 silly audit   typescript: [ '5.8.3' ],
16 silly audit   'typescript-eslint': [ '8.32.1' ],
16 silly audit   'undici-types': [ '6.21.0' ],
16 silly audit   'update-browserslist-db': [ '1.1.3' ],
16 silly audit   'uri-js': [ '4.4.1' ],
16 silly audit   'use-callback-ref': [ '1.3.3' ],
16 silly audit   'use-sidecar': [ '1.1.3' ],
16 silly audit   'use-sync-external-store': [ '1.5.0' ],
16 silly audit   'util-deprecate': [ '1.0.2' ],
16 silly audit   vaul: [ '0.9.9' ],
16 silly audit   'victory-vendor': [ '36.9.2' ],
16 silly audit   vite: [ '5.4.19' ],
16 silly audit   which: [ '2.0.2' ],
16 silly audit   'word-wrap': [ '1.2.5' ],
16 silly audit   'wrap-ansi': [ '8.1.0', '7.0.0' ],
16 silly audit   yaml: [ '2.8.0' ],
16 silly audit   'yocto-queue': [ '0.1.0' ],
16 silly audit   zod: [ '3.24.4' ]
16 silly audit }
17 http fetch POST 200 https://registry.npmjs.org/-/npm/v1/security/advisories/bulk 840ms
18 silly audit report {
18 silly audit report   esbuild: [
18 silly audit report     {
18 silly audit report       id: 1102341,
18 silly audit report       url: 'https://github.com/advisories/GHSA-67mh-4wv8-2f99',
18 silly audit report       title: 'esbuild enables any website to send any requests to the development server and read the response',
18 silly audit report       severity: 'moderate',
18 silly audit report       vulnerable_versions: '<=0.24.2',
18 silly audit report       cwe: [Array],
18 silly audit report       cvss: [Object]
18 silly audit report     }
18 silly audit report   ]
18 silly audit report }
19 silly packumentCache corgi:https://registry.npmjs.org/esbuild cache-miss
20 http fetch GET 200 https://registry.npmjs.org/esbuild 65ms (cache revalidated)
21 silly packumentCache corgi:https://registry.npmjs.org/esbuild set size:859664 disposed:false
22 silly packumentCache corgi:https://registry.npmjs.org/vite cache-miss
23 http fetch GET 200 https://registry.npmjs.org/vite 48ms (cache revalidated)
24 silly packumentCache corgi:https://registry.npmjs.org/vite set size:2007743 disposed:false
25 silly packumentCache corgi:https://registry.npmjs.org/@vitejs%2fplugin-react-swc cache-miss
26 silly packumentCache corgi:https://registry.npmjs.org/lovable-tagger cache-miss
27 http fetch GET 200 https://registry.npmjs.org/@vitejs%2fplugin-react-swc 66ms (cache revalidated)
28 silly packumentCache corgi:https://registry.npmjs.org/@vitejs%2fplugin-react-swc set size:25714 disposed:false
29 http fetch GET 200 https://registry.npmjs.org/lovable-tagger 92ms (cache revalidated)
30 silly packumentCache corgi:https://registry.npmjs.org/lovable-tagger set size:12880 disposed:false
31 verbose cwd /var/www/vendas.zappybot.site
32 verbose os Linux 5.4.0-105-generic
33 verbose node v22.15.1
34 verbose npm  v11.3.0
35 verbose exit 0
36 info ok
